<?xml version="1.0" encoding="UTF-8"?>
<!-- Generated by org.testng.reporters.JUnitXMLReporter -->
<testsuite ignored="0" hostname="UDAY" failures="0" tests="11" name="vdreport" time="147.641" errors="0" timestamp="2022-09-08T16:43:50 IST">
  <testcase classname="sep6.FirstTestNGclass" name="minny" time="14.478"/>
  <testcase classname="sep6.FirstTestNGclass" name="vd" time="14.247"/>
  <testcase classname="sep6.FirstTestNGclass" name="vinay" time="4.04"/>
  <testcase classname="sep7.SecondTestNGClass" name="addition" time="0.673"/>
  <testcase classname="sep7.SecondTestNGClass" name="division" time="0.683"/>
  <testcase classname="sep7.SecondTestNGClass" name="multiplication" time="0.754"/>
  <testcase classname="sep7.SecondTestNGClass" name="multiplication" time="0.586"/>
  <testcase classname="sep7.SecondTestNGClass" name="multiplication" time="0.589"/>
  <testcase classname="sep7.ThirdTestNGClass" name="branches" time="4.024"/>
  <testcase classname="sep7.ThirdTestNGClass" name="roles" time="3.623"/>
  <testcase classname="sep7.ThirdTestNGClass" name="users" time="3.843"/>
</testsuite> <!-- vdreport -->
