<?xml version="1.0" encoding="UTF-8"?>
<testng-results ignored="0" total="1" passed="1" failed="0" skipped="0">
  <reporter-output>
  </reporter-output>
  <suite started-at="2022-09-08T17:52:45 IST" name="Default suite" finished-at="2022-09-08T17:52:58 IST" duration-ms="12456">
    <groups>
    </groups>
    <test started-at="2022-09-08T17:52:45 IST" name="Default test" finished-at="2022-09-08T17:52:58 IST" duration-ms="12456">
      <class name="sep8.PropertyFile">
        <test-method is-config="true" signature="setUp()[pri:0, instance:sep8.PropertyFile@3e8c3cb]" started-at="2022-09-08T17:52:45 IST" name="setUp" finished-at="2022-09-08T17:52:56 IST" duration-ms="10747" status="PASS">
          <reporter-output>
          </reporter-output>
        </test-method> <!-- setUp -->
        <test-method signature="login()[pri:0, instance:sep8.PropertyFile@3e8c3cb]" started-at="2022-09-08T17:52:56 IST" name="login" finished-at="2022-09-08T17:52:58 IST" duration-ms="1635" status="PASS">
          <reporter-output>
          </reporter-output>
        </test-method> <!-- login -->
      </class> <!-- sep8.PropertyFile -->
    </test> <!-- Default test -->
  </suite> <!-- Default suite -->
</testng-results>
